mode: set
github.com/jstuczyn/CoconutGo/elgamal/elgamal.go:14.60,18.2 3 1
github.com/jstuczyn/CoconutGo/elgamal/elgamal.go:21.117,28.2 5 1
github.com/jstuczyn/CoconutGo/elgamal/elgamal.go:31.85,36.2 4 1
github.com/jstuczyn/CoconutGo/bpgroup/bpgroup.go:18.21,25.16 4 1
github.com/jstuczyn/CoconutGo/bpgroup/bpgroup.go:28.2,36.11 3 1
github.com/jstuczyn/CoconutGo/bpgroup/bpgroup.go:25.16,26.13 1 0
github.com/jstuczyn/CoconutGo/bpgroup/bpgroup.go:39.70,41.2 1 1
github.com/jstuczyn/CoconutGo/bpgroup/bpgroup.go:45.49,48.16 3 1
github.com/jstuczyn/CoconutGo/bpgroup/bpgroup.go:51.2,51.15 1 1
github.com/jstuczyn/CoconutGo/bpgroup/bpgroup.go:48.16,50.3 1 0
github.com/jstuczyn/CoconutGo/coconut/scheme/proofs.go:39.56,41.23 2 1
github.com/jstuczyn/CoconutGo/coconut/scheme/proofs.go:44.2,46.16 3 1
github.com/jstuczyn/CoconutGo/coconut/scheme/proofs.go:49.2,49.10 1 1
github.com/jstuczyn/CoconutGo/coconut/scheme/proofs.go:41.23,43.3 1 1
github.com/jstuczyn/CoconutGo/coconut/scheme/proofs.go:46.16,47.13 1 0
github.com/jstuczyn/CoconutGo/coconut/scheme/proofs.go:53.216,56.56 3 1
github.com/jstuczyn/CoconutGo/coconut/scheme/proofs.go:59.2,59.38 1 1
github.com/jstuczyn/CoconutGo/coconut/scheme/proofs.go:64.2,68.19 4 1
github.com/jstuczyn/CoconutGo/coconut/scheme/proofs.go:71.2,71.28 1 1
github.com/jstuczyn/CoconutGo/coconut/scheme/proofs.go:75.2,76.16 2 1
github.com/jstuczyn/CoconutGo/coconut/scheme/proofs.go:81.2,85.20 4 1
github.com/jstuczyn/CoconutGo/coconut/scheme/proofs.go:88.2,88.27 1 1
github.com/jstuczyn/CoconutGo/coconut/scheme/proofs.go:93.2,94.28 2 1
github.com/jstuczyn/CoconutGo/coconut/scheme/proofs.go:98.2,101.62 3 1
github.com/jstuczyn/CoconutGo/coconut/scheme/proofs.go:105.2,105.33 1 1
github.com/jstuczyn/CoconutGo/coconut/scheme/proofs.go:109.2,109.26 1 1
github.com/jstuczyn/CoconutGo/coconut/scheme/proofs.go:113.2,113.26 1 1
github.com/jstuczyn/CoconutGo/coconut/scheme/proofs.go:118.2,126.20 5 1
github.com/jstuczyn/CoconutGo/coconut/scheme/proofs.go:131.2,132.20 2 1
github.com/jstuczyn/CoconutGo/coconut/scheme/proofs.go:137.2,142.6 1 1
github.com/jstuczyn/CoconutGo/coconut/scheme/proofs.go:56.56,58.3 1 1
github.com/jstuczyn/CoconutGo/coconut/scheme/proofs.go:59.38,61.3 1 1
github.com/jstuczyn/CoconutGo/coconut/scheme/proofs.go:68.19,70.3 1 1
github.com/jstuczyn/CoconutGo/coconut/scheme/proofs.go:71.28,73.3 1 1
github.com/jstuczyn/CoconutGo/coconut/scheme/proofs.go:76.16,78.3 1 0
github.com/jstuczyn/CoconutGo/coconut/scheme/proofs.go:85.20,87.3 1 1
github.com/jstuczyn/CoconutGo/coconut/scheme/proofs.go:88.27,91.3 2 1
github.com/jstuczyn/CoconutGo/coconut/scheme/proofs.go:94.28,96.3 1 1
github.com/jstuczyn/CoconutGo/coconut/scheme/proofs.go:101.62,104.3 2 1
github.com/jstuczyn/CoconutGo/coconut/scheme/proofs.go:105.33,108.3 2 1
github.com/jstuczyn/CoconutGo/coconut/scheme/proofs.go:109.26,112.3 2 1
github.com/jstuczyn/CoconutGo/coconut/scheme/proofs.go:113.26,116.3 2 1
github.com/jstuczyn/CoconutGo/coconut/scheme/proofs.go:126.20,129.3 2 1
github.com/jstuczyn/CoconutGo/coconut/scheme/proofs.go:132.20,135.3 2 1
github.com/jstuczyn/CoconutGo/coconut/scheme/proofs.go:146.135,147.32 1 1
github.com/jstuczyn/CoconutGo/coconut/scheme/proofs.go:150.2,151.16 2 1
github.com/jstuczyn/CoconutGo/coconut/scheme/proofs.go:155.2,159.26 4 1
github.com/jstuczyn/CoconutGo/coconut/scheme/proofs.go:164.2,164.22 1 1
github.com/jstuczyn/CoconutGo/coconut/scheme/proofs.go:170.2,172.26 3 1
github.com/jstuczyn/CoconutGo/coconut/scheme/proofs.go:176.2,179.76 3 1
github.com/jstuczyn/CoconutGo/coconut/scheme/proofs.go:183.2,183.33 1 1
github.com/jstuczyn/CoconutGo/coconut/scheme/proofs.go:187.2,187.26 1 1
github.com/jstuczyn/CoconutGo/coconut/scheme/proofs.go:191.2,191.26 1 1
github.com/jstuczyn/CoconutGo/coconut/scheme/proofs.go:196.2,196.58 1 1
github.com/jstuczyn/CoconutGo/coconut/scheme/proofs.go:147.32,149.3 1 1
github.com/jstuczyn/CoconutGo/coconut/scheme/proofs.go:151.16,152.13 1 0
github.com/jstuczyn/CoconutGo/coconut/scheme/proofs.go:159.26,162.3 2 1
github.com/jstuczyn/CoconutGo/coconut/scheme/proofs.go:164.22,168.3 3 1
github.com/jstuczyn/CoconutGo/coconut/scheme/proofs.go:172.26,174.3 1 1
github.com/jstuczyn/CoconutGo/coconut/scheme/proofs.go:179.76,182.3 2 1
github.com/jstuczyn/CoconutGo/coconut/scheme/proofs.go:183.33,186.3 2 1
github.com/jstuczyn/CoconutGo/coconut/scheme/proofs.go:187.26,190.3 2 1
github.com/jstuczyn/CoconutGo/coconut/scheme/proofs.go:191.26,194.3 2 1
github.com/jstuczyn/CoconutGo/coconut/scheme/proofs.go:199.146,204.38 3 1
github.com/jstuczyn/CoconutGo/coconut/scheme/proofs.go:207.2,212.27 4 1
github.com/jstuczyn/CoconutGo/coconut/scheme/proofs.go:215.2,219.83 4 1
github.com/jstuczyn/CoconutGo/coconut/scheme/proofs.go:223.2,223.33 1 1
github.com/jstuczyn/CoconutGo/coconut/scheme/proofs.go:227.2,227.31 1 1
github.com/jstuczyn/CoconutGo/coconut/scheme/proofs.go:232.2,236.27 3 1
github.com/jstuczyn/CoconutGo/coconut/scheme/proofs.go:241.2,249.8 3 1
github.com/jstuczyn/CoconutGo/coconut/scheme/proofs.go:204.38,206.3 1 1
github.com/jstuczyn/CoconutGo/coconut/scheme/proofs.go:212.27,214.3 1 1
github.com/jstuczyn/CoconutGo/coconut/scheme/proofs.go:219.83,222.3 2 1
github.com/jstuczyn/CoconutGo/coconut/scheme/proofs.go:223.33,226.3 2 1
github.com/jstuczyn/CoconutGo/coconut/scheme/proofs.go:227.31,230.3 2 1
github.com/jstuczyn/CoconutGo/coconut/scheme/proofs.go:236.27,239.3 2 1
github.com/jstuczyn/CoconutGo/coconut/scheme/proofs.go:252.109,259.35 5 1
github.com/jstuczyn/CoconutGo/coconut/scheme/proofs.go:263.2,268.83 5 1
github.com/jstuczyn/CoconutGo/coconut/scheme/proofs.go:272.2,272.33 1 1
github.com/jstuczyn/CoconutGo/coconut/scheme/proofs.go:276.2,276.31 1 1
github.com/jstuczyn/CoconutGo/coconut/scheme/proofs.go:280.2,280.67 1 1
github.com/jstuczyn/CoconutGo/coconut/scheme/proofs.go:259.35,261.3 1 1
github.com/jstuczyn/CoconutGo/coconut/scheme/proofs.go:268.83,271.3 2 1
github.com/jstuczyn/CoconutGo/coconut/scheme/proofs.go:272.33,275.3 2 1
github.com/jstuczyn/CoconutGo/coconut/scheme/proofs.go:276.31,279.3 2 1
github.com/jstuczyn/CoconutGo/coconut/scheme/scheme.go:77.36,78.11 1 1
github.com/jstuczyn/CoconutGo/coconut/scheme/scheme.go:81.2,82.25 2 1
github.com/jstuczyn/CoconutGo/coconut/scheme/scheme.go:89.2,90.28 2 1
github.com/jstuczyn/CoconutGo/coconut/scheme/scheme.go:78.11,80.3 1 1
github.com/jstuczyn/CoconutGo/coconut/scheme/scheme.go:82.25,84.17 2 1
github.com/jstuczyn/CoconutGo/coconut/scheme/scheme.go:87.3,87.13 1 1
github.com/jstuczyn/CoconutGo/coconut/scheme/scheme.go:84.17,85.14 1 0
github.com/jstuczyn/CoconutGo/coconut/scheme/scheme.go:94.67,96.11 2 1
github.com/jstuczyn/CoconutGo/coconut/scheme/scheme.go:99.2,105.25 5 1
github.com/jstuczyn/CoconutGo/coconut/scheme/scheme.go:109.2,116.25 6 1
github.com/jstuczyn/CoconutGo/coconut/scheme/scheme.go:122.2,123.20 2 1
github.com/jstuczyn/CoconutGo/coconut/scheme/scheme.go:96.11,98.3 1 1
github.com/jstuczyn/CoconutGo/coconut/scheme/scheme.go:105.25,107.3 1 1
github.com/jstuczyn/CoconutGo/coconut/scheme/scheme.go:116.25,117.18 1 1
github.com/jstuczyn/CoconutGo/coconut/scheme/scheme.go:117.18,120.4 2 1
github.com/jstuczyn/CoconutGo/coconut/scheme/scheme.go:128.88,131.31 3 1
github.com/jstuczyn/CoconutGo/coconut/scheme/scheme.go:136.2,137.19 2 0
github.com/jstuczyn/CoconutGo/coconut/scheme/scheme.go:140.2,141.19 2 0
github.com/jstuczyn/CoconutGo/coconut/scheme/scheme.go:149.2,150.26 2 0
github.com/jstuczyn/CoconutGo/coconut/scheme/scheme.go:160.2,161.21 2 0
github.com/jstuczyn/CoconutGo/coconut/scheme/scheme.go:169.2,169.22 1 0
github.com/jstuczyn/CoconutGo/coconut/scheme/scheme.go:131.31,133.3 1 1
github.com/jstuczyn/CoconutGo/coconut/scheme/scheme.go:137.19,139.3 1 0
github.com/jstuczyn/CoconutGo/coconut/scheme/scheme.go:141.19,143.23 2 0
github.com/jstuczyn/CoconutGo/coconut/scheme/scheme.go:143.23,145.4 1 0
github.com/jstuczyn/CoconutGo/coconut/scheme/scheme.go:150.26,153.24 3 0
github.com/jstuczyn/CoconutGo/coconut/scheme/scheme.go:156.3,156.37 1 0
github.com/jstuczyn/CoconutGo/coconut/scheme/scheme.go:153.24,155.4 1 0
github.com/jstuczyn/CoconutGo/coconut/scheme/scheme.go:161.21,164.31 3 0
github.com/jstuczyn/CoconutGo/coconut/scheme/scheme.go:167.3,167.66 1 0
github.com/jstuczyn/CoconutGo/coconut/scheme/scheme.go:164.31,166.4 1 0
github.com/jstuczyn/CoconutGo/coconut/scheme/scheme.go:173.64,175.26 2 1
github.com/jstuczyn/CoconutGo/coconut/scheme/scheme.go:178.2,179.16 2 1
github.com/jstuczyn/CoconutGo/coconut/scheme/scheme.go:182.2,182.10 1 1
github.com/jstuczyn/CoconutGo/coconut/scheme/scheme.go:175.26,177.3 1 1
github.com/jstuczyn/CoconutGo/coconut/scheme/scheme.go:179.16,180.13 1 0
github.com/jstuczyn/CoconutGo/coconut/scheme/scheme.go:186.86,187.32 1 1
github.com/jstuczyn/CoconutGo/coconut/scheme/scheme.go:190.2,194.37 4 1
github.com/jstuczyn/CoconutGo/coconut/scheme/scheme.go:198.2,200.32 2 1
github.com/jstuczyn/CoconutGo/coconut/scheme/scheme.go:187.32,189.3 1 1
github.com/jstuczyn/CoconutGo/coconut/scheme/scheme.go:194.37,197.3 2 1
github.com/jstuczyn/CoconutGo/coconut/scheme/scheme.go:203.131,205.25 2 1
github.com/jstuczyn/CoconutGo/coconut/scheme/scheme.go:208.2,209.38 2 1
github.com/jstuczyn/CoconutGo/coconut/scheme/scheme.go:213.2,215.28 3 1
github.com/jstuczyn/CoconutGo/coconut/scheme/scheme.go:218.2,219.16 2 1
github.com/jstuczyn/CoconutGo/coconut/scheme/scheme.go:223.2,225.27 3 1
github.com/jstuczyn/CoconutGo/coconut/scheme/scheme.go:231.2,232.16 2 1
github.com/jstuczyn/CoconutGo/coconut/scheme/scheme.go:235.2,239.8 1 1
github.com/jstuczyn/CoconutGo/coconut/scheme/scheme.go:205.25,207.3 1 1
github.com/jstuczyn/CoconutGo/coconut/scheme/scheme.go:209.38,211.3 1 0
github.com/jstuczyn/CoconutGo/coconut/scheme/scheme.go:215.28,217.3 1 1
github.com/jstuczyn/CoconutGo/coconut/scheme/scheme.go:219.16,221.3 1 0
github.com/jstuczyn/CoconutGo/coconut/scheme/scheme.go:225.27,229.3 3 1
github.com/jstuczyn/CoconutGo/coconut/scheme/scheme.go:232.16,234.3 1 0
github.com/jstuczyn/CoconutGo/coconut/scheme/scheme.go:243.147,244.59 1 1
github.com/jstuczyn/CoconutGo/coconut/scheme/scheme.go:247.2,247.97 1 1
github.com/jstuczyn/CoconutGo/coconut/scheme/scheme.go:250.2,251.16 2 1
github.com/jstuczyn/CoconutGo/coconut/scheme/scheme.go:255.2,256.26 2 1
github.com/jstuczyn/CoconutGo/coconut/scheme/scheme.go:260.2,261.46 2 1
github.com/jstuczyn/CoconutGo/coconut/scheme/scheme.go:265.2,267.35 3 1
github.com/jstuczyn/CoconutGo/coconut/scheme/scheme.go:270.2,273.22 2 1
github.com/jstuczyn/CoconutGo/coconut/scheme/scheme.go:277.2,283.8 1 1
github.com/jstuczyn/CoconutGo/coconut/scheme/scheme.go:244.59,246.3 1 0
github.com/jstuczyn/CoconutGo/coconut/scheme/scheme.go:247.97,249.3 1 0
github.com/jstuczyn/CoconutGo/coconut/scheme/scheme.go:251.16,253.3 1 0
github.com/jstuczyn/CoconutGo/coconut/scheme/scheme.go:256.26,258.3 1 1
github.com/jstuczyn/CoconutGo/coconut/scheme/scheme.go:261.46,263.3 1 1
github.com/jstuczyn/CoconutGo/coconut/scheme/scheme.go:267.35,269.3 1 1
github.com/jstuczyn/CoconutGo/coconut/scheme/scheme.go:273.22,275.3 1 1
github.com/jstuczyn/CoconutGo/coconut/scheme/scheme.go:286.92,292.2 2 1
github.com/jstuczyn/CoconutGo/coconut/scheme/scheme.go:295.95,296.35 1 1
github.com/jstuczyn/CoconutGo/coconut/scheme/scheme.go:299.2,307.37 7 1
github.com/jstuczyn/CoconutGo/coconut/scheme/scheme.go:313.2,314.37 2 1
github.com/jstuczyn/CoconutGo/coconut/scheme/scheme.go:318.2,322.12 4 1
github.com/jstuczyn/CoconutGo/coconut/scheme/scheme.go:326.2,326.12 1 1
github.com/jstuczyn/CoconutGo/coconut/scheme/scheme.go:330.2,332.51 2 1
github.com/jstuczyn/CoconutGo/coconut/scheme/scheme.go:296.35,298.3 1 0
github.com/jstuczyn/CoconutGo/coconut/scheme/scheme.go:307.37,308.18 1 1
github.com/jstuczyn/CoconutGo/coconut/scheme/scheme.go:308.18,311.4 2 1
github.com/jstuczyn/CoconutGo/coconut/scheme/scheme.go:314.37,316.3 1 1
github.com/jstuczyn/CoconutGo/coconut/scheme/scheme.go:322.12,325.3 2 1
github.com/jstuczyn/CoconutGo/coconut/scheme/scheme.go:326.12,329.3 2 1
github.com/jstuczyn/CoconutGo/coconut/scheme/scheme.go:335.127,337.58 2 1
github.com/jstuczyn/CoconutGo/coconut/scheme/scheme.go:341.2,344.27 4 1
github.com/jstuczyn/CoconutGo/coconut/scheme/scheme.go:347.2,350.16 3 1
github.com/jstuczyn/CoconutGo/coconut/scheme/scheme.go:353.2,357.8 1 1
github.com/jstuczyn/CoconutGo/coconut/scheme/scheme.go:337.58,339.3 1 0
github.com/jstuczyn/CoconutGo/coconut/scheme/scheme.go:344.27,346.3 1 1
github.com/jstuczyn/CoconutGo/coconut/scheme/scheme.go:350.16,352.3 1 0
github.com/jstuczyn/CoconutGo/coconut/scheme/scheme.go:360.125,362.45 2 0
github.com/jstuczyn/CoconutGo/coconut/scheme/scheme.go:365.2,365.53 1 0
github.com/jstuczyn/CoconutGo/coconut/scheme/scheme.go:369.2,370.24 2 0
github.com/jstuczyn/CoconutGo/coconut/scheme/scheme.go:378.2,389.51 9 0
github.com/jstuczyn/CoconutGo/coconut/scheme/scheme.go:362.45,364.3 1 0
github.com/jstuczyn/CoconutGo/coconut/scheme/scheme.go:365.53,367.3 1 0
github.com/jstuczyn/CoconutGo/coconut/scheme/scheme.go:370.24,372.3 1 0
github.com/jstuczyn/CoconutGo/coconut/scheme/scheme.go:372.8,374.38 2 0
github.com/jstuczyn/CoconutGo/coconut/scheme/scheme.go:374.38,376.4 1 0
github.com/jstuczyn/CoconutGo/coconut/scheme/scheme.go:392.59,398.12 6 1
github.com/jstuczyn/CoconutGo/coconut/scheme/scheme.go:402.2,402.12 1 1
github.com/jstuczyn/CoconutGo/coconut/scheme/scheme.go:406.2,407.14 2 1
github.com/jstuczyn/CoconutGo/coconut/scheme/scheme.go:398.12,401.3 2 1
github.com/jstuczyn/CoconutGo/coconut/scheme/scheme.go:402.12,405.3 2 1
github.com/jstuczyn/CoconutGo/coconut/scheme/scheme.go:411.89,414.32 3 1
github.com/jstuczyn/CoconutGo/coconut/scheme/scheme.go:418.2,420.40 2 1
github.com/jstuczyn/CoconutGo/coconut/scheme/scheme.go:425.2,425.32 1 1
github.com/jstuczyn/CoconutGo/coconut/scheme/scheme.go:431.2,435.3 1 1
github.com/jstuczyn/CoconutGo/coconut/scheme/scheme.go:414.32,416.3 1 1
github.com/jstuczyn/CoconutGo/coconut/scheme/scheme.go:420.40,423.3 2 1
github.com/jstuczyn/CoconutGo/coconut/scheme/scheme.go:425.32,426.34 1 1
github.com/jstuczyn/CoconutGo/coconut/scheme/scheme.go:426.34,428.4 1 1
github.com/jstuczyn/CoconutGo/coconut/scheme/scheme.go:439.72,444.33 3 1
github.com/jstuczyn/CoconutGo/coconut/scheme/scheme.go:448.2,451.3 1 1
github.com/jstuczyn/CoconutGo/coconut/scheme/scheme.go:444.33,446.3 1 1
